[debug] [2023-12-03T04:05:07.153Z] ----------------------------------------------------------------------
[debug] [2023-12-03T04:05:07.172Z] Command:       /usr/local/bin/node /usr/local/bin/firebase login
[debug] [2023-12-03T04:05:07.173Z] CLI Version:   12.9.1
[debug] [2023-12-03T04:05:07.173Z] Platform:      darwin
[debug] [2023-12-03T04:05:07.173Z] Node Version:  v20.10.0
[debug] [2023-12-03T04:05:07.173Z] Time:          Sun Dec 03 2023 12:05:07 GMT+0800 (中国标准时间)
[debug] [2023-12-03T04:05:07.174Z] ----------------------------------------------------------------------
[debug] 
[info] i  Firebase optionally collects CLI and Emulator Suite usage and error reporting information to help improve our products. Data is collected in accordance with Google's privacy policy (https://policies.google.com/privacy) and is not used to identify you.
 
[info] i  To change your data collection preference at any time, run `firebase logout` and log in again. 
[info] 
[info] Visit this URL on this device to log in:
[info] https://accounts.google.com/o/oauth2/auth?client_id=563584335869-fgrhgmd47bqnekij5i8b5pr03ho849e6.apps.googleusercontent.com&scope=email%20openid%20https%3A%2F%2Fwww.googleapis.com%2Fauth%2Fcloudplatformprojects.readonly%20https%3A%2F%2Fwww.googleapis.com%2Fauth%2Ffirebase%20https%3A%2F%2Fwww.googleapis.com%2Fauth%2Fcloud-platform&response_type=code&state=602895989&redirect_uri=http%3A%2F%2Flocalhost%3A9005
[info] 
[info] Waiting for authentication...
[debug] [2023-12-03T04:06:03.292Z] >>> [apiv2][query] POST https://accounts.google.com/o/oauth2/token [none]
[debug] [2023-12-03T04:06:03.314Z] >>> [apiv2][body] POST https://accounts.google.com/o/oauth2/token [omitted]
[debug] [2023-12-03T04:07:19.257Z] *** [apiv2] error from fetch(https://accounts.google.com/o/oauth2/token, {"headers":{},"method":"POST","body":{"_overheadLength":543,"_valueLength":208,"_valuesToMeasure":[],"writable":false,"readable":true,"dataSize":0,"maxDataSize":2097152,"pauseStreams":true,"_released":true,"_streams":[],"_currentStream":null,"_insideLoop":false,"_pendingNext":false,"_boundary":"--------------------------526587231831703213917464","_events":{},"_eventsCount":1}}): FetchError: request to https://accounts.google.com/o/oauth2/token failed, reason: connect ETIMEDOUT 8.7.198.46:443
[debug] [2023-12-03T04:07:19.279Z] Token Fetch Error: FirebaseError: Failed to make request to https://accounts.google.com/o/oauth2/token
    at RetryOperation._fn (/usr/local/lib/node_modules/firebase-tools/lib/apiv2.js:239:31)
    at process.processTicksAndRejections (node:internal/process/task_queues:95:5)
[debug] [2023-12-03T04:07:19.404Z] >>> [apiv2][query] POST https://auth.firebase.tools/attest [none]
[debug] [2023-12-03T04:07:19.405Z] >>> [apiv2][body] POST https://auth.firebase.tools/attest {"session_id":"e214f9e9-964b-4e17-bf7a-ea0c1944f07c"}
[debug] [2023-12-03T04:07:20.642Z] <<< [apiv2][status] POST https://auth.firebase.tools/attest 200
[debug] [2023-12-03T04:07:20.642Z] <<< [apiv2][body] POST https://auth.firebase.tools/attest {"token":"R5K6RmYHOqfJrhIVYcFVD6hnNn2pdYu5aib6eyDOjBQ"}
[info] 
[info] To sign in to the Firebase CLI:
[info] 
[info] 1. Take note of your session ID:
[info] 
[info]    E214F
[info] 
[info] 2. Visit the URL below on any device and follow the instructions to get your code:
[info] 
[info]    https://auth.firebase.tools/login?code_challenge=oz7CENsIFEoWbRjnUVcExGsqNcX_jW3QBucB650odN4&session=e214f9e9-964b-4e17-bf7a-ea0c1944f07c&attest=R5K6RmYHOqfJrhIVYcFVD6hnNn2pdYu5aib6eyDOjBQ
[info] 
[info] 3. Paste or enter the authorization code below once you have it:
[info] 
[debug] [2023-12-03T09:35:37.574Z] >>> [apiv2][query] POST https://accounts.google.com/o/oauth2/token [none]
[debug] [2023-12-03T09:35:37.620Z] >>> [apiv2][body] POST https://accounts.google.com/o/oauth2/token [omitted]
